<?xml version="1.0" encoding="UTF-8"?>
<!-- Generated by org.testng.reporters.JUnitXMLReporter -->
<testsuite hostname="SDHANAVA-L-1378" ignored="0" name="Default test" tests="1" failures="1" timestamp="15 Mar 2019 16:53:51 GMT" time="530.661" errors="0">
  <testcase name="dormanproducts_salesmaindash_Scenario1" time="530.621" classname="com.dorman.image.tests.SalesMainDash_Scenario3_Test">
    <failure type="org.sikuli.script.FindFailed" message="can not find P(D:\Dorman_BI\images\salesmaindash\Scenario3\Stage\Tra_CarRequest.PNG) S: 0.7 on the screen.">
      <![CDATA[FindFailed: can not find P(D:\Dorman_BI\images\salesmaindash\Scenario3\Stage\Tra_CarRequest.PNG) S: 0.7 on the screen.
  Line 1574, in file Region.java

at org.sikuli.script.Region.handleFindFailed(Region.java:1574)
at org.sikuli.script.Region.wait(Region.java:1682)
at org.sikuli.script.Region.find(Region.java:1590)
at org.sikuli.script.Region.getLocationFromTarget(Region.java:1991)
at org.sikuli.script.Region.click(Region.java:2197)
at org.sikuli.script.Region.click(Region.java:2181)
at com.dorman.flash.pages.SalesMainDash_Scenario3.select_salesgroup(SalesMainDash_Scenario3.java:45)
at com.dorman.image.tests.SalesMainDash_Scenario3_Test.dormanproducts_salesmaindash_Scenario1(SalesMainDash_Scenario3_Test.java:54)
at sun.reflect.NativeMethodAccessorImpl.invoke0(Native Method)
at sun.reflect.NativeMethodAccessorImpl.invoke(NativeMethodAccessorImpl.java:62)
at sun.reflect.DelegatingMethodAccessorImpl.invoke(DelegatingMethodAccessorImpl.java:43)
at java.lang.reflect.Method.invoke(Method.java:498)
at org.testng.internal.MethodInvocationHelper.invokeMethod(MethodInvocationHelper.java:124)
at org.testng.internal.Invoker.invokeMethod(Invoker.java:583)
at org.testng.internal.Invoker.invokeTestMethod(Invoker.java:719)
at org.testng.internal.Invoker.invokeTestMethods(Invoker.java:989)
at org.testng.internal.TestMethodWorker.invokeTestMethods(TestMethodWorker.java:125)
at org.testng.internal.TestMethodWorker.run(TestMethodWorker.java:109)
at org.testng.TestRunner.privateRun(TestRunner.java:648)
at org.testng.TestRunner.run(TestRunner.java:505)
at org.testng.SuiteRunner.runTest(SuiteRunner.java:455)
at org.testng.SuiteRunner.runSequentially(SuiteRunner.java:450)
at org.testng.SuiteRunner.privateRun(SuiteRunner.java:415)
at org.testng.SuiteRunner.run(SuiteRunner.java:364)
at org.testng.SuiteRunnerWorker.runSuite(SuiteRunnerWorker.java:52)
at org.testng.SuiteRunnerWorker.run(SuiteRunnerWorker.java:84)
at org.testng.TestNG.runSuitesSequentially(TestNG.java:1208)
at org.testng.TestNG.runSuitesLocally(TestNG.java:1137)
at org.testng.TestNG.runSuites(TestNG.java:1049)
at org.testng.TestNG.run(TestNG.java:1017)
at org.testng.remote.AbstractRemoteTestNG.run(AbstractRemoteTestNG.java:114)
at org.testng.remote.RemoteTestNG.initAndRun(RemoteTestNG.java:251)
at org.testng.remote.RemoteTestNG.main(RemoteTestNG.java:77)
]]>
    </failure>
  </testcase> <!-- dormanproducts_salesmaindash_Scenario1 -->
</testsuite> <!-- Default test -->
