<?xml version="1.0" encoding="UTF-8"?>
<!-- Generated by org.testng.reporters.JUnitXMLReporter -->
<testsuite hostname="SDHANAVA-L-1378" ignored="0" name="Test" tests="2" failures="0" timestamp="23 Oct 2019 06:44:23 GMT" time="53.926" errors="0">
  <testcase name="dormanproducts_salesmaindash_Scenario1_qa" time="53.888" classname="com.dorman.image.tests.SalesMainDash_Scenario1_Test"/>
  <testcase name="dormanproducts_salesmaindash_Scenario1_Stage" time="0.003" classname="com.dorman.image.tests.SalesMainDash_Scenario1_Test"/>
</testsuite> <!-- Test -->
