<?xml version="1.0" encoding="UTF-8"?>
<testng-results skipped="0" failed="0" ignored="0" total="2" passed="2">
  <reporter-output>
  </reporter-output>
  <suite name="Suite" duration-ms="53926" started-at="2019-10-23T06:43:29Z" finished-at="2019-10-23T06:44:23Z">
    <groups>
    </groups>
    <test name="Test" duration-ms="53926" started-at="2019-10-23T06:43:29Z" finished-at="2019-10-23T06:44:23Z">
      <class name="com.dorman.bitest.extentreport.Extent">
        <test-method status="PASS" signature="extentSetup(java.lang.String)[pri:0, instance:com.dorman.bitest.extentreport.Extent@72d818d1]" name="extentSetup" is-config="true" duration-ms="348" started-at="2019-10-23T06:43:29Z" finished-at="2019-10-23T06:43:29Z">
          <params>
            <param index="0">
              <value>
                <![CDATA[Dorman]]>
              </value>
            </param>
          </params>
          <reporter-output>
          </reporter-output>
        </test-method> <!-- extentSetup -->
        <test-method status="PASS" signature="ExtentReportsClosure()[pri:0, instance:com.dorman.bitest.extentreport.Extent@72d818d1]" name="ExtentReportsClosure" is-config="true" duration-ms="359" started-at="2019-10-23T06:44:24Z" finished-at="2019-10-23T06:44:24Z">
          <reporter-output>
          </reporter-output>
        </test-method> <!-- ExtentReportsClosure -->
      </class> <!-- com.dorman.bitest.extentreport.Extent -->
      <class name="com.dorman.image.tests.SalesMainDash_Scenario1_Test">
        <test-method status="PASS" signature="InitilizeWDClassObject()[pri:0, instance:com.dorman.image.tests.SalesMainDash_Scenario1_Test@6e06451e]" name="InitilizeWDClassObject" is-config="true" duration-ms="7" started-at="2019-10-23T06:43:29Z" finished-at="2019-10-23T06:43:29Z">
          <reporter-output>
          </reporter-output>
        </test-method> <!-- InitilizeWDClassObject -->
        <test-method status="PASS" signature="dormanproducts_salesmaindash_Scenario1_qa()[pri:1, instance:com.dorman.image.tests.SalesMainDash_Scenario1_Test@6e06451e]" name="dormanproducts_salesmaindash_Scenario1_qa" duration-ms="53888" started-at="2019-10-23T06:43:29Z" finished-at="2019-10-23T06:44:23Z">
          <reporter-output>
          </reporter-output>
        </test-method> <!-- dormanproducts_salesmaindash_Scenario1_qa -->
        <test-method status="PASS" signature="dormanproducts_salesmaindash_Scenario1_Stage()[pri:2, instance:com.dorman.image.tests.SalesMainDash_Scenario1_Test@6e06451e]" name="dormanproducts_salesmaindash_Scenario1_Stage" duration-ms="3" started-at="2019-10-23T06:44:23Z" depends-on-methods="com.dorman.image.tests.SalesMainDash_Scenario1_Test.dormanproducts_salesmaindash_Scenario1_qa" finished-at="2019-10-23T06:44:23Z">
          <reporter-output>
          </reporter-output>
        </test-method> <!-- dormanproducts_salesmaindash_Scenario1_Stage -->
      </class> <!-- com.dorman.image.tests.SalesMainDash_Scenario1_Test -->
    </test> <!-- Test -->
  </suite> <!-- Suite -->
</testng-results>
